2023-06-26 10:02:43 - INFO - PaymentProcessor - Payment processing initiated for transaction ID: 5487012649.
2023-06-26 10:02:44 - INFO - PaymentValidator - Validating payment details for transaction ID: 5487012649.
2023-06-26 10:02:45 - ERROR - PaymentValidator - Invalid payment details detected. Transaction ID: 5487012649. Reason: Insufficient funds.
2023-06-26 10:02:45 - INFO - PaymentProcessor - Transaction ID: 5487012649 failed due to insufficient funds. Initiating refund process.
2023-06-26 10:02:46 - INFO - RefundProcessor - Refund initiated for transaction ID: 5487012649.
2023-06-26 10:02:46 - INFO - RefundProcessor - Refund successful for transaction ID: 5487012649. Amount: USD 50.00.
2023-06-26 10:02:47 - INFO - PaymentProcessor - Payment processing initiated for transaction ID: 8561392475.
2023-06-26 10:02:48 - INFO - PaymentValidator - Validating payment details for transaction ID: 8561392475.
2023-06-26 10:02:49 - INFO - PaymentProcessor - Payment details validation successful for transaction ID: 8561392475.
2023-06-26 10:02:50 - INFO - PaymentProcessor - Transaction ID: 8561392475 processed successfully. Amount: EUR 100.00.
2023-06-26 10:02:51 - INFO - PaymentProcessor - Payment processing initiated for transaction ID: 7128940563.
2023-06-26 10:02:52 - INFO - PaymentValidator - Validating payment details for transaction ID: 7128940563.
2023-06-26 10:02:53 - ERROR - PaymentValidator - Invalid payment details detected. Transaction ID: 7128940563. Reason: Card expired.
2023-06-26 10:02:53 - INFO - PaymentProcessor - Transaction ID: 7128940563 failed due to expired card.
2023-06-26 10:02:54 - WARNING - PaymentProcessor - Attempting to retry transaction ID: 7128940563 after card update.
2023-06-26 10:02:55 - INFO - PaymentValidator - Validating payment details for transaction ID: 7128940563.
2023-06-26 10:02:56 - INFO - PaymentProcessor - Payment details validation successful for transaction ID: 7128940563.
2023-06-26 10:02:57 - INFO - PaymentProcessor - Transaction ID: 7128940563 processed successfully. Amount: USD 75.00.
2023-06-26 10:02:58 - INFO - PaymentProcessor - Payment processing initiated for transaction ID: 1952078364.
2023-06-26 10:02:59 - INFO - PaymentValidator - Validating payment details for transaction ID: 1952078364.
2023-06-26 10:03:00 - INFO - PaymentProcessor - Transaction ID: 1952078364 failed due to an internal server error. Please try again later.
2023-06-26 10:03:01 - WARNING - PaymentProcessor - Retrying transaction ID: 1952078364 after server restart.
2023-06-26 10:03:02 - INFO - PaymentValidator - Validating payment details for transaction ID: 1952078364.
2023-06-26 10:03:03 - ERROR - PaymentValidator - An unexpected exception occurred during payment validation. Transaction ID: 1952078364. Reason: PaymentLimitExceededException.
2023-06-26 10:03:03 - INFO - PaymentProcessor - Transaction ID: 1952078364 failed due to an unexpected error. Logging the exception for investigation.
2023-06-26 10:03:05 - INFO - RefundProcessor - Refund initiated for transaction ID: 1952078364.
2023-06-26 10:03:05 - INFO - RefundProcessor - Refund successful for transaction ID: 1952078364. Amount: INR 80.00.
2023-06-26 10:03:06 - INFO - PaymentProcessor - Payment processing initiated for transaction ID: 6098534721.
2023-06-26 10:03:07 - INFO - PaymentValidator - Validating payment details for transaction ID: 6098534721.
2023-06-26 10:03:08 - ERROR - PaymentValidator - Invalid payment details detected. Transaction ID: 6098534721. Reason: Invalid card number.
2023-06-26 10:03:08 - INFO - PaymentProcessor - Transaction ID: 6098534721 failed due to an invalid credit card number format.
2023-06-26 10:03:09 - INFO - PaymentProcessor - Payment processing initiated for transaction ID: 9243650187.
2023-06-26 10:03:10 - INFO - PaymentValidator - Validating payment details for transaction ID: 9243650187.
2023-06-26 10:03:11 - INFO - PaymentProcessor - Transaction ID: 9243650187 failed due to expired card.
2023-06-26 10:03:12 - WARNING - PaymentProcessor - Attempting to retry transaction ID: 9243650187 after card update.
2023-06-26 10:03:13 - INFO - PaymentValidator - Validating payment details for transaction ID: 9243650187.
2023-06-26 10:03:14 - ERROR - PaymentValidator - An unexpected exception occurred during payment validation. Transaction ID: 9243650187. Reason: IllegalArgumentException.
2023-06-26 10:03:14 - INFO - PaymentProcessor - Transaction ID: 9243650187 failed due to an unexpected error. Logging the exception for investigation.
2023-06-26 10:03:15 - INFO - PaymentProcessor - Payment processing initiated for transaction ID: 3365241798.
2023-06-26 10:03:16 - INFO - PaymentValidator - Validating payment details for transaction ID: 3365241798.
2023-06-26 10:03:17 - ERROR - PaymentValidator - Invalid payment details detected. Transaction ID: 3365241798. Reason: Insufficient funds.
2023-06-26 10:03:17 - INFO - PaymentProcessor - Transaction ID: 3365241798 failed due to insufficient funds. Initiating refund process.
2023-06-26 10:03:18 - INFO - RefundProcessor - Refund initiated for transaction ID: 3365241798.
2023-06-26 10:03:18 - INFO - RefundProcessor - Refund successful for transaction ID: 3365241798. Amount: USD 50.00.
2023-06-26 10:03:19 - INFO - PaymentProcessor - Payment processing initiated for transaction ID: 7359146287.
2023-06-26 10:03:20 - INFO - PaymentValidator - Validating payment details for transaction ID: 7359146287.
2023-06-26 10:03:21 - INFO - PaymentProcessor - Payment details validation successful for transaction ID: 7359146287.
2023-06-26 10:03:22 - INFO - PaymentProcessor - Transaction ID: 7359146287 processed successfully. Amount: USD 100.00.
2023-06-26 10:03:23 - INFO - PaymentProcessor - Payment processing initiated for transaction ID: 1879654320.
2023-06-26 10:03:24 - INFO - PaymentValidator - Validating payment details for transaction ID: 1879654320.
2023-06-26 10:03:25 - ERROR - PaymentValidator - Invalid payment details detected. Transaction ID: 1879654320. Reason: Payment request expired.
2023-06-26 10:03:25 - INFO - PaymentProcessor - Transaction ID: 1879654320 failed due to Payment request expired.
2023-06-26 10:03:26 - WARNING - PaymentProcessor - Attempting to retry transaction ID: 1879654320 after card update.
2023-06-26 10:03:27 - INFO - PaymentValidator - Validating payment details for transaction ID: 1879654320.
2023-06-26 10:03:28 - INFO - PaymentProcessor - Payment details validation successful for transaction ID: 1879654320.
2023-06-26 10:03:29 - INFO - PaymentProcessor - Transaction ID: 1879654320 processed successfully. Amount: CAD 75.00.
2023-06-26 10:03:30 - INFO - PaymentProcessor - Payment processing initiated for transaction ID: 4968213570.
2023-06-26 10:03:31 - INFO - PaymentValidator - Validating payment details for transaction ID: 4968213570.
2023-06-26 10:03:32 - INFO - PaymentProcessor - Transaction ID: 4968213570 failed due to an internal server error. Please try again later.
2023-06-26 10:03:33 - WARNING - PaymentProcessor - Retrying transaction ID: 4968213570 after server restart.
2023-06-26 10:03:34 - INFO - PaymentValidator - Validating payment details for transaction ID: 4968213570.
2023-06-26 10:03:35 - INFO - PaymentProcessor - Payment details validation successful for transaction ID: 4968213570.
2023-06-26 10:03:36 - INFO - PaymentProcessor - Transaction ID: 4968213570 processed successfully. Amount: USD 80.00.
2023-06-26 10:03:37 - INFO - PaymentProcessor - Payment processing initiated for transaction ID: 2587036941.
2023-06-26 10:03:38 - INFO - PaymentValidator - Validating payment details for transaction ID: 2587036941.
2023-06-26 10:03:39 - ERROR - PaymentValidator - Invalid payment details detected. Transaction ID: 2587036941. Reason: Invalid card number.
2023-06-26 10:03:39 - INFO - PaymentProcessor - Transaction ID: 2587036941 failed due to an invalid credit card number format.
2023-06-26 10:03:40 - INFO - PaymentProcessor - Payment processing initiated for transaction ID: 6132948570.
2023-06-26 10:03:41 - INFO - PaymentValidator - Validating payment details for transaction ID: 6132948570.
2023-06-26 10:03:42 - INFO - PaymentProcessor - Transaction ID: 6132948570 failed due to expired card.
2023-06-26 10:03:43 - WARNING - PaymentProcessor - Attempting to retry transaction ID: 6132948570 after card update.
2023-06-26 10:03:44 - INFO - PaymentValidator - Validating payment details for transaction ID: 6132948570.
2023-06-26 10:03:45 - ERROR - PaymentValidator - An unexpected exception occurred during payment validation. Transaction ID: 6132948570. Reason: IllegalArgumentException.
2023-06-26 10:03:45 - INFO - PaymentProcessor - Transaction ID: 6132948570 failed due to an unexpected error. Logging the exception for investigation.
2023-06-26 10:03:46 - INFO - PaymentProcessor - Payment processing initiated for transaction ID: 7984635120.
2023-06-26 10:03:47 - INFO - PaymentValidator - Validating payment details for transaction ID: 7984635120.
2023-06-26 10:03:48 - ERROR - PaymentValidator - Invalid payment details detected. Transaction ID: 7984635120. Reason: Insufficient funds.
2023-06-26 10:03:48 - INFO - PaymentProcessor - Transaction ID: 7984635120 failed due to insufficient funds. Initiating refund process.
2023-06-26 10:03:49 - INFO - RefundProcessor - Refund initiated for transaction ID: 7984635120.
2023-06-26 10:03:50 - INFO - RefundProcessor - Refund successful for transaction ID: 7984635120. Amount: USD 50.00.
2023-06-26 10:03:51 - INFO - PaymentProcessor - Payment processing initiated for transaction ID: 4869270345.
2023-06-26 10:03:52 - INFO - PaymentValidator - Validating payment details for transaction ID: 4869270345.
2023-06-26 10:03:53 - INFO - PaymentProcessor - Payment details validation successful for transaction ID: 4869270345.
2023-06-26 10:03:54 - INFO - PaymentProcessor - Transaction ID: 4869270345 processed successfully. Amount: USD 100.00.
2023-06-26 10:03:55 - INFO - PaymentProcessor - Payment processing initiated for transaction ID: 6132459782.
2023-06-26 10:03:56 - INFO - PaymentValidator - Validating payment details for transaction ID: 6132459782.
2023-06-26 10:03:57 - ERROR - PaymentValidator - Invalid payment details detected. Transaction ID: 6132459782. Reason: Card expired.
2023-06-26 10:03:57 - INFO - PaymentProcessor - Transaction ID: 6132459782 failed due to expired card.
2023-06-26 10:03:58 - WARNING - PaymentProcessor - Attempting to retry transaction ID: 6132459782 after card update.
2023-06-26 10:03:59 - INFO - PaymentValidator - Validating payment details for transaction ID: 6132459782.
2023-06-26 10:04:00 - INFO - PaymentProcessor - Payment details validation successful for transaction ID: 6132459782.
2023-06-26 10:04:01 - INFO - PaymentProcessor - Transaction ID: 6132459782 processed successfully. Amount: USD 75.00.
2023-06-26 10:04:02 - INFO - PaymentProcessor - Payment processing initiated for transaction ID: 8265017439.
2023-06-26 10:04:03 - INFO - PaymentValidator - Validating payment details for transaction ID: 8265017439.
2023-06-26 10:04:04 - INFO - PaymentProcessor - Transaction ID: 8265017439 failed due to an internal server error. Please try again later.
2023-06-26 10:04:05 - WARNING - PaymentProcessor - Retrying transaction ID: 8265017439 after server restart.
2023-06-26 10:04:06 - INFO - PaymentValidator - Validating payment details for transaction ID: 8265017439.
2023-06-26 10:04:07 - INFO - PaymentProcessor - Payment details validation successful for transaction ID: 8265017439.
2023-06-26 10:04:08 - INFO - PaymentProcessor - Transaction ID: 8265017439 processed successfully. Amount: USD 80.00.
2023-06-26 10:04:09 - INFO - PaymentProcessor - Payment processing initiated for transaction ID: 3946728501.
2023-06-26 10:04:10 - INFO - PaymentValidator - Validating payment details for transaction ID: 3946728501.
2023-06-26 10:04:11 - ERROR - PaymentValidator - Invalid payment details detected. Transaction ID: 3946728501. Reason: Invalid card number.
2023-06-26 10:04:11 - INFO - PaymentProcessor - Transaction ID: 3946728501 failed due to an invalid credit card number format.
2023-06-26 10:04:12 - INFO - PaymentProcessor - Payment processing initiated for transaction ID: 7593142680.
2023-06-26 10:04:13 - INFO - PaymentValidator - Validating payment details for transaction ID: 7593142680.
2023-06-26 10:04:14 - INFO - PaymentProcessor - Transaction ID: 7593142680 failed due to expired card.
2023-06-26 10:04:15 - WARNING - PaymentProcessor - Attempting to retry transaction ID: 7593142680 after card update.
2023-06-26 10:04:16 - INFO - PaymentValidator - Validating payment details for transaction ID: 7593142680.
2023-06-26 10:04:17 - ERROR - PaymentValidator - An unexpected exception occurred during payment validation. Transaction ID: 7593142680. Reason: PaymentDeclinedByIssuerException.
2023-06-26 10:04:17 - INFO - PaymentProcessor - Transaction ID: 7593142680 failed due to an unexpected error. Logging the exception for investigation.