Jun 10, 2023 4:21:59 PM ERROR com.airbnb.payments.service.PaymentProcessor PaymentProcessingException:
	at com.airbnb.payments.service.PaymentProcessor.processPayment(PaymentProcessor.java:123)
	at com.airbnb.payments.controller.PaymentController.makePayment(PaymentController.java:87)
	at com.airbnb.payments.controller.PaymentController.handlePaymentRequest(PaymentController.java:54)
	at com.airbnb.payments.controller.PaymentController.processPaymentRequest(PaymentController.java:38)
	at com.airbnb.payments.controller.PaymentController.handlePayment(PaymentController.java:25)
	at com.airbnb.payments.controller.PaymentController.processPayment(PaymentController.java:16)
	at com.airbnb.payments.controller.PaymentController.handleRequest(PaymentController.java:10)
	at com.airbnb.payments.controller.PaymentController.main(PaymentController.java:5)
Jun 12, 2023 5:49:51 AM ERROR com.airbnb.payments.service.PaymentProcessor PaymentTimeoutException:
	at com.airbnb.payments.service.PaymentProcessor.processPayment(PaymentProcessor.java:123)
	at com.airbnb.payments.controller.PaymentController.makePayment(PaymentController.java:87)
	at com.airbnb.payments.controller.PaymentController.handlePaymentRequest(PaymentController.java:54)
	at com.airbnb.payments.controller.PaymentController.processPaymentRequest(PaymentController.java:38)
	at com.airbnb.payments.controller.PaymentController.handlePayment(PaymentController.java:25)
	at com.airbnb.payments.controller.PaymentController.processPayment(PaymentController.java:16)
	at com.airbnb.payments.controller.PaymentController.handleRequest(PaymentController.java:10)
	at com.airbnb.payments.controller.PaymentController.main(PaymentController.java:5)
Jun 13, 2023 11:02:37 PM ERROR com.airbnb.payments.service.PaymentProcessor PaymentProcessingException:
	at com.airbnb.payments.service.PaymentProcessor.processPayment(PaymentProcessor.java:123)
	at com.airbnb.payments.controller.PaymentController.makePayment(PaymentController.java:87)
	at com.airbnb.payments.controller.PaymentController.handlePaymentRequest(PaymentController.java:54)
	at com.airbnb.payments.controller.PaymentController.processPaymentRequest(PaymentController.java:38)
	at com.airbnb.payments.controller.PaymentController.handlePayment(PaymentController.java:25)
	at com.airbnb.payments.controller.PaymentController.processPayment(PaymentController.java:16)
	at com.airbnb.payments.controller.PaymentController.handleRequest(PaymentController.java:10)
	at com.airbnb.payments.controller.PaymentController.main(PaymentController.java:5)
Jun 14, 2023 3:18:05 PM ERROR com.airbnb.payments.service.PaymentProcessor PaymentProcessingException:
	at com.airbnb.payments.service.PaymentProcessor.processPayment(PaymentProcessor.java:123)
	at com.airbnb.payments.controller.PaymentController.makePayment(PaymentController.java:87)
	at com.airbnb.payments.controller.PaymentController.handlePaymentRequest(PaymentController.java:54)
	at com.airbnb.payments.controller.PaymentController.processPaymentRequest(PaymentController.java:38)
	at com.airbnb.payments.controller.PaymentController.handlePayment(PaymentController.java:25)
	at com.airbnb.payments.controller.PaymentController.processPayment(PaymentController.java:16)
	at com.airbnb.payments.controller.PaymentController.handleRequest(PaymentController.java:10)
	at com.airbnb.payments.controller.PaymentController.main(PaymentController.java:5)
Jun 15, 2023 9:36:42 AM ERROR com.airbnb.payments.service.PaymentProcessor PaymentValidationException:
	at com.airbnb.payments.service.PaymentProcessor.validatePayment(PaymentProcessor.java:178)
	at com.airbnb.payments.service.PaymentProcessor.processPayment(PaymentProcessor.java:125)
	at com.airbnb.payments.controller.PaymentController.makePayment(PaymentController.java:87)
	at com.airbnb.payments.controller.PaymentController.handlePaymentRequest(PaymentController.java:54)
	at com.airbnb.payments.controller.PaymentController.processPaymentRequest(PaymentController.java:38)
	at com.airbnb.payments.controller.PaymentController.handlePayment(PaymentController.java:25)
	at com.airbnb.payments.controller.PaymentController.processPayment(PaymentController.java:16)
	at com.airbnb.payments.controller.PaymentController.handleRequest(PaymentController.java:10)
	at com.airbnb.payments.controller.PaymentController.main(PaymentController.java:5)
Jun 18, 2023 3:47:19 PM ERROR com.airbnb.payments.service.PaymentProcessor PaymentProcessingException:
	at com.airbnb.payments.service.PaymentProcessor.processPayment(PaymentProcessor.java:123)
	at com.airbnb.payments.controller.PaymentController.makePayment(PaymentController.java:87)
	at com.airbnb.payments.controller.PaymentController.handlePaymentRequest(PaymentController.java:54)
	at com.airbnb.payments.controller.PaymentController.processPaymentRequest(PaymentController.java:38)
	at com.airbnb.payments.controller.PaymentController.handlePayment(PaymentController.java:25)
	at com.airbnb.payments.controller.PaymentController.processPayment(PaymentController.java:16)
	at com.airbnb.payments.controller.PaymentController.handleRequest(PaymentController.java:10)
	at com.airbnb.payments.controller.PaymentController.main(PaymentController.java:5)
Jun 19, 2023 9:58:02 AM ERROR com.airbnb.payments.service.PaymentProcessor PaymentValidationException:
	at com.airbnb.payments.service.PaymentProcessor.validatePayment(PaymentProcessor.java:178)
	at com.airbnb.payments.service.PaymentProcessor.processPayment(PaymentProcessor.java:125)
	at com.airbnb.payments.controller.PaymentController.makePayment(PaymentController.java:87)
	at com.airbnb.payments.controller.PaymentController.handlePaymentRequest(PaymentController.java:54)
	at com.airbnb.payments.controller.PaymentController.processPaymentRequest(PaymentController.java:38)
	at com.airbnb.payments.controller.PaymentController.handlePayment(PaymentController.java:25)
	at com.airbnb.payments.controller.PaymentController.processPayment(PaymentController.java:16)
	at com.airbnb.payments.controller.PaymentController.handleRequest(PaymentController.java:10)
	at com.airbnb.payments.controller.PaymentController.main(PaymentController.java:5)
Jun 21, 2023 11:56:17 AM ERROR com.airbnb.payments.service.PaymentProcessor PaymentGatewayErrorException:
	at com.airbnb.payments.service.PaymentProcessor.processPayment(PaymentProcessor.java:123)
	at com.airbnb.payments.controller.PaymentController.makePayment(PaymentController.java:87)
	at com.airbnb.payments.controller.PaymentController.handlePaymentRequest(PaymentController.java:54)
	at com.airbnb.payments.controller.PaymentController.processPaymentRequest(PaymentController.java:38)
	at com.airbnb.payments.controller.PaymentController.handlePayment(PaymentController.java:25)
	at com.airbnb.payments.controller.PaymentController.processPayment(PaymentController.java:16)
	at com.airbnb.payments.controller.PaymentController.handleRequest(PaymentController.java:10)
	at com.airbnb.payments.controller.PaymentController.main(PaymentController.java:5)
Jun 22, 2023 9:02:23 PM ERROR com.airbnb.payments.service.PaymentProcessor PaymentGatewayDowntimeException:
	at com.airbnb.payments.service.PaymentProcessor.processPayment(PaymentProcessor.java:123)
	at com.airbnb.payments.controller.PaymentController.makePayment(PaymentController.java:87)
	at com.airbnb.payments.controller.PaymentController.handlePaymentRequest(PaymentController.java:54)
	at com.airbnb.payments.controller.PaymentController.processPaymentRequest(PaymentController.java:38)
	at com.airbnb.payments.controller.PaymentController.handlePayment(PaymentController.java:25)
	at com.airbnb.payments.controller.PaymentController.processPayment(PaymentController.java:16)
	at com.airbnb.payments.controller.PaymentController.handleRequest(PaymentController.java:10)
	at com.airbnb.payments.controller.PaymentController.main(PaymentController.java:5)
Jun 24, 2023 2:33:08 PM ERROR com.airbnb.payments.service.PaymentProcessor PaymentLimitExceededException:
	at com.airbnb.payments.service.PaymentProcessor.processPayment(PaymentProcessor.java:123)
	at com.airbnb.payments.controller.PaymentController.makePayment(PaymentController.java:87)
	at com.airbnb.payments.controller.PaymentController.handlePaymentRequest(PaymentController.java:54)
	at com.airbnb.payments.controller.PaymentController.processPaymentRequest(PaymentController.java:38)
	at com.airbnb.payments.controller.PaymentController.handlePayment(PaymentController.java:25)
	at com.airbnb.payments.controller.PaymentController.processPayment(PaymentController.java:16)
	at com.airbnb.payments.controller.PaymentController.handleRequest(PaymentController.java:10)
	at com.airbnb.payments.controller.PaymentController.main(PaymentController.java:5)
Jun 25, 2023 10:27:52 AM ERROR com.airbnb.payments.service.PaymentProcessor PaymentVerificationFailureException:
	at com.airbnb.payments.service.PaymentProcessor.processPayment(PaymentProcessor.java:123)
	at com.airbnb.payments.controller.PaymentController.makePayment(PaymentController.java:87)
	at com.airbnb.payments.controller.PaymentController.handlePaymentRequest(PaymentController.java:54)
	at com.airbnb.payments.controller.PaymentController.processPaymentRequest(PaymentController.java:38)
	at com.airbnb.payments.controller.PaymentController.handlePayment(PaymentController.java:25)
	at com.airbnb.payments.controller.PaymentController.processPayment(PaymentController.java:16)
	at com.airbnb.payments.controller.PaymentController.handleRequest(PaymentController.java:10)
	at com.airbnb.payments.controller.PaymentController.main(PaymentController.java:5)
Jun 26, 2023 7:14:12 AM ERROR com.airbnb.payments.service.PaymentProcessor PaymentDeclinedByIssuerException:
	at com.airbnb.payments.service.PaymentProcessor.processPayment(PaymentProcessor.java:123)
	at com.airbnb.payments.controller.PaymentController.makePayment(PaymentController.java:87)
	at com.airbnb.payments.controller.PaymentController.handlePaymentRequest(PaymentController.java:54)
	at com.airbnb.payments.controller.PaymentController.processPaymentRequest(PaymentController.java:38)
	at com.airbnb.payments.controller.PaymentController.handlePayment(PaymentController.java:25)
	at com.airbnb.payments.controller.PaymentController.processPayment(PaymentController.java:16)
	at com.airbnb.payments.controller.PaymentController.handleRequest(PaymentController.java:10)
	at com.airbnb.payments.controller.PaymentController.main(PaymentController.java:5)