2023-07-01 22:46:44  137231  Daniel  Dean  DanielDean89@gmail.com  998 Campbell Street Apt. 413  Senegal  97  DOP  Stripe  Marymouth  Success  None  None  2023-06-04 23:26:04
2023-07-01 22:46:44  754722  Hannah  Cole  HannahCole969@outlook.com  1807 George Stream  Tuvalu  958  FJD  American Express  North Toddville  Failed  Transaction declined by merchant  ERR4004  2023-02-06 13:49:53
2023-07-01 22:46:44  644763  James  Miller  JamesMiller48@yahoo.com  215 Hall Canyon  Saudi Arabia  499  CAD  American Express  Amychester  Failed  Account verification required  ERR5005  2023-06-18 08:50:28
2023-07-01 22:46:44  969744  Edward  Yang  EdwardYang737@hotmail.com  670 Mcfarland Stream Suite 587  Bolivia  257  NIO  Stripe  Michaelburgh  Success  None  None  2023-01-04 21:42:07
2023-07-01 22:46:44  768155  Ashley  Johnson  AshleyJohnson518@hotmail.com  97117 Kevin Dam Suite 168  Uzbekistan  144  COP  American Express  Kennethport  Failed  Cardholders bank not reachable  ERR5005  2023-01-11 09:17:49
2023-07-01 22:46:44  148686  Michael  Turner  MichaelTurner477@yahoo.com  994 Foster Port  Slovenia  382  HKD  Stripe  Jordanburgh  Failed  Network connection timeout  ERR3003  2023-05-22 12:53:03
2023-07-01 22:46:44  524767  Vernon  Francis  VernonFrancis709@outlook.com  32713 Woods Mill  Bahamas  174  MAD  PayPal  North Christina  Success  None  None  2023-03-11 19:23:09
2023-07-01 22:46:44  866378  Heather  Edwards  HeatherEdwards595@gmail.com  71725 Jackson Point Apt. 263  Trinidad and Tobago  958  PEN  Visa  Jennifertown  Failed  Card reported lost or stolen  ERR2002  2023-05-30 04:23:52
2023-07-01 22:46:44  727759  Joseph  Robertson  JosephRobertson803@zoho.com  00438 Brittany Islands  Guernsey  161  SCR  Visa  Moralesbury  Success  None  None  2023-04-10 18:41:49
2023-07-01 22:46:44  6203810  Matthew  Farley  MatthewFarley563@zoho.com  1156 Kyle Oval Suite 627  Cayman Islands  926  CLP  Stripe  Ericafort  Failed  Payment request canceled  ERR2002  2023-05-15 22:38:09
2023-07-01 22:46:44  9590211  Anthony  Tran  AnthonyTran535@yahoo.com  1259 Ryan Glens Apt. 937  Germany  795  VEF  Mastercard  South Jeffreyfurt  Success  None  None  2023-01-13 16:53:35
2023-07-01 22:46:44  2500412  Jason  Hansen  JasonHansen481@zoho.com  21998 Brown Lodge  Japan  203  TOP  Visa  North James  Success  None  None  2023-02-19 19:53:13
2023-07-01 22:46:44  1074513  James  Sharp  JamesSharp916@outlook.com  51704 Veronica Road  Guernsey  612  PYG  PayPal  North Kevinville  Failed  Account frozen  ERR5005  2023-01-20 05:46:04
2023-07-01 22:46:44  5401914  Charles  Medina  CharlesMedina649@gmail.com  3070 Johnson Crossing  Moldova  68  RSD  Visa  Bellside  Failed  Cardholder authentication required  ERR5005  2023-01-11 15:12:41
2023-07-01 22:46:44  1587815  Jenna  Roberts  JennaRoberts693@gmail.com  289 William Manors Apt. 449  Azerbaijan  276  AMD  PayPal  South Carolshire  Success  None  None  2023-04-06 19:00:19
2023-07-01 22:46:44  2387716  Tina  Mcintyre  TinaMcintyre325@outlook.com  39257 Brandon Terrace Apt. 827  Yemen  151  LTL  American Express  Mitchellmouth  Failed  Incorrect card type selected  ERR3003  2023-02-08 07:38:50
2023-07-01 22:46:44  4580117  Jeffrey  Francis  JeffreyFrancis297@outlook.com  94939 Stone Extension Apt. 977  Poland  317  TRY  Visa  East Tinafurt  Failed  Exceeded transaction frequency limit  ERR3003  2023-06-05 11:49:17
2023-07-01 22:46:44  2170818  Renee  Marks  ReneeMarks817@outlook.com  5784 James Wall Suite 744  Saint Barthelemy  591  HRK  American Express  West Stephaniehaven  Failed  Account frozen  ERR2002  2023-05-11 10:38:03
2023-07-01 22:46:44  5694519  Elizabeth  Baker  ElizabethBaker787@outlook.com  5417 Tran Crossroad Suite 839  Jamaica  651  GHS  Stripe  Stricklandberg  Failed  Invalid currency  ERR4004  2023-01-24 12:11:28
2023-07-01 22:46:44  9120720  Deborah  Michael  DeborahMichael440@zoho.com  610 French Gateway Apt. 666  United States Minor Outlying Islands  268  PAB  PayPal  Lake Daryl  Success  None  None  2023-01-23 14:52:15
2023-07-01 22:46:44  8535521  Evan  Sullivan  EvanSullivan203@hotmail.com  758 Joyce Roads Apt. 116  Djibouti  550  BMD  Stripe  Jimmyfurt  Failed  Payment gateway maintenance  ERR3003  2023-03-11 04:13:00
2023-07-01 22:46:44  3657022  Jeffrey  Sosa  JeffreySosa974@zoho.com  9266 Carter Alley  Nicaragua  175  TOP  Mastercard  Lake Jacob  Failed  Payment timeout  ERR5005  2023-07-01 01:14:35
2023-07-01 22:46:44  6515323  Marissa  Blackwell  MarissaBlackwell742@zoho.com  43194 Brittany Green Apt. 917  Puerto Rico  514  NIO  American Express  West Devin  Success  None  None  2023-02-26 20:02:34
2023-07-01 22:46:44  6500624  Jennifer  Arroyo  JenniferArroyo205@zoho.com  787 Randy Track Apt. 587  China  722  XAF  Mastercard  North Tinaville  Success  None  None  2023-05-31 22:19:38
2023-07-01 22:46:44  5867225  Amber  Williams  AmberWilliams258@hotmail.com  9551 Francis Vista  Gibraltar  160  NIO  Mastercard  Marymouth  Failed  Payment gateway security breach  ERR5005  2023-04-05 16:50:00
2023-07-01 22:46:44  286626  Kevin  Mccarthy  KevinMccarthy797@gmail.com  7921 Walters Branch  Albania  279  SVC  Stripe  Brandonshire  Failed  Card not supported  ERR4004  2023-02-28 11:10:08
2023-07-01 22:46:44  8896427  Amy  Taylor  AmyTaylor597@zoho.com  723 Robert Loop  Poland  739  XAF  Visa  Kimberlyberg  Success  None  None  2023-06-11 22:54:11
2023-07-01 22:46:44  3286928  Haley  Rhodes  HaleyRhodes385@yahoo.com  85519 Michael Parkway  Sierra Leone  139  CNY  Visa  Larrystad  Failed  Network connection timeout  ERR4004  2023-01-01 21:32:00
2023-07-01 22:46:44  3912029  Matthew  Taylor  MatthewTaylor673@gmail.com  103 Sharon Valleys Apt. 291  Jamaica  174  BWP  American Express  Jamesland  Success  None  None  2023-02-14 07:54:54
2023-07-01 22:46:44  2266130  Heather  Hill  HeatherHill167@yahoo.com  2827 Glass Club  Bosnia and Herzegovina  323  RON  Visa  South Josephfort  Failed  Incorrect card type selected  ERR5005  2023-04-28 21:21:20
2023-07-01 22:46:44  2899031  Tara  Mccarthy  TaraMccarthy547@yahoo.com  46906 Howard Rest Suite 215  Maldives  277  BND  Mastercard  Michaelside  Failed  Blocked IP address  ERR5005  2023-04-16 02:47:23
2023-07-01 22:46:44  5710432  Matthew  Lee  MatthewLee730@yahoo.com  4828 Dana Lodge Apt. 880  Guinea  800  XPF  PayPal  East Ericatown  Failed  Incorrect CVV/CVC  ERR3003  2023-01-17 18:02:52
2023-07-01 22:46:44  4605933  Sarah  Parker  SarahParker669@zoho.com  51622 Hall Meadows Apt. 304  Netherlands Antilles  693  MWK  Mastercard  Markstad  Success  None  None  2023-01-23 16:41:36
2023-07-01 22:46:44  5261334  Gina  Melton  GinaMelton945@yahoo.com  695 Stephenson Ridges  Bahrain  450  CZK  Stripe  East Kristine  Success  None  None  2023-05-27 16:08:55
2023-07-01 22:46:44  9392335  Megan  Holmes  MeganHolmes49@gmail.com  7097 Bryan Valleys  Bulgaria  272  MRO  PayPal  Katherinemouth  Success  None  None  2023-05-03 20:57:58
2023-07-01 22:46:44  598736  Walter  Wang  WalterWang91@gmail.com  05794 Dominique Manors  Guam  519  VND  PayPal  Timothyfurt  Success  None  None  2023-04-21 01:10:13
2023-07-01 22:46:44  9490437  Jeffrey  Bruce  JeffreyBruce792@outlook.com  140 Holland Islands Apt. 498  South Georgia and the South Sandwich Islands  371  TMT  American Express  West Matthewborough  Success  None  None  2023-03-30 12:08:57
2023-07-01 22:46:44  143538  Guy  Stewart  GuyStewart195@hotmail.com  9850 York Harbor  Norway  405  RON  Stripe  Bonillastad  Success  None  None  2023-06-25 07:37:35
2023-07-01 22:46:44  5801039  John  Hart  JohnHart542@zoho.com  5924 Kristina Heights  Yemen  234  LAK  Stripe  East Johnside  Failed  Invalid payment request  ERR2002  2023-04-25 06:59:15
2023-07-01 22:46:44  1858240  Glenn  Houston  GlennHouston121@gmail.com  336 Myers Trafficway  Trinidad and Tobago  459  BRL  PayPal  Port Dawn  Success  None  None  2023-06-01 23:12:22
2023-07-01 22:46:44  2812541  Ann  Mcdaniel  AnnMcdaniel61@gmail.com  651 Jennifer Mill  Poland  945  BYR  PayPal  Lake Alexander  Failed  Invalid currency  ERR1001  2023-02-02 02:49:28
2023-07-01 22:46:44  8848142  Susan  Smith  SusanSmith314@hotmail.com  2882 Morales Green  Algeria  642  IDR  Visa  Jacobshire  Failed  Payment gateway integration error  ERR5005  2023-05-06 21:14:12
2023-07-01 22:46:44  5461043  Larry  Rivers  LarryRivers273@yahoo.com  1286 Gabrielle Pike  Israel  504  BDT  Stripe  East Barbara  Success  None  None  2023-06-10 09:10:05
2023-07-01 22:46:44  3168644  John  Martin  JohnMartin893@zoho.com  9213 Salazar Orchard Apt. 569  Switzerland  845  NPR  Stripe  Anthonyview  Success  None  None  2023-05-22 00:45:04
2023-07-01 22:46:44  1718845  Matthew  Foley  MatthewFoley617@hotmail.com  340 Eric Overpass  Iraq  168  QAR  Visa  North Kevinbury  Failed  Bank account closed  ERR2002  2023-04-02 21:53:02
2023-07-01 22:46:44  4704646  Ronnie  Torres  RonnieTorres813@zoho.com  90369 Melissa Plains  Senegal  186  GMD  PayPal  Bryantburgh  Success  None  None  2023-03-28 15:40:35
2023-07-01 22:46:44  369347  Kirsten  Moore  KirstenMoore446@hotmail.com  829 Raymond Mountains  Guadeloupe  365  HNL  Stripe  Calderonbury  Success  None  None  2023-05-08 11:53:38
2023-07-01 22:46:44  1272748  Jamie  Perez  JamiePerez349@gmail.com  59238 Williams Circle Suite 682  Ukraine  919  CRC  Mastercard  South Kelly  Success  None  None  2023-05-08 12:37:24
2023-07-01 22:46:44  7334649  Michael  Moore  MichaelMoore672@outlook.com  3549 Tina Row Suite 389  Chile  431  BND  Stripe  North Katrina  Failed  PaymentGatewayDowntimeException  ERR5005  2023-04-16 07:40:59
2023-07-01 22:46:44  8499850  Melissa  Hamilton  MelissaHamilton739@gmail.com  768 Stephanie Port  Slovenia  786  SYP  Visa  Nancyfort  Failed  Invalid currency  ERR4004  2023-05-26 20:56:50